Unknown Syntax Error: Command not found; did you mean one of:

  0. yarn --welcome
  1. yarn cache clean [--mirror] [--all]
  2. yarn config get <name>
  3. yarn config set <name> <value>
  4. yarn set resolution [-s,--save] <descriptor> <resolution>
  5. yarn set version from sources [--path #0] [--repository #0] [--branch #0] [--plugin #0] [--no-minify] [-f,--force]
  6. yarn set version [--allow-rc] [--dry-run] <range>
  7. yarn --clipanion=definitions
  8. yarn -h
  9. yarn -h
 10. yarn -h
 11. yarn <leadingArgument> ...
 12. yarn --version
 13. yarn --version
 14. yarn add [--json] [-E,--exact] [-T,--tilde] [-C,--caret] [-D,--dev] [-P,--peer] [--prefer-dev] [-i,--interactive] [--cached] ...
 15. yarn install [--json] [--immutable] [--immutable-cache] [--check-cache] [--inline-builds] [--cache-folder #0]
 16. yarn install [--json] [--immutable] [--immutable-cache] [--check-cache] [--inline-builds] [--cache-folder #0]
 17. yarn link [--all] [-p,--private] [-r,--relative] <destination>
 18. yarn node ...
 19. yarn plugin import <name>
 20. yarn plugin list [--json]
 21. yarn plugin runtime
 22. yarn rebuild ...
 23. yarn remove [-A,--all] ...
 24. yarn run
 25. yarn run <scriptName> ...
 26. yarn why [-R,--recursive] [--peers] <package>
 27. yarn workspace <workspaceName> <commandName> ...
 28. yarn dlx [-p,--package #0] [-q,--quiet] <command> ...
 29. yarn init [-p,--private] [-i,--install #0]
 30. yarn npm login [-s,--scope #0] [--publish]
 31. yarn npm publish [--access #0] [--tag #0] [--tolerate-republish]
 32. yarn npm whoami [-s,--scope #0] [--publish]
 33. yarn pack [--install-if-needed] [-n,--dry-run] [--json] [-o,--out #0] [--filename #0]
 34. yarn patch-commit <patchFolder>
 35. yarn patch <package>
 36. yarn unplug ...

While running --verbose
